This file contains any messages produced by compilers while
running configure, to aid debugging if configure makes a mistake.

It was created by Ipopt configure 3.12.5, which was
generated by GNU Autoconf 2.59.  Invocation command line was

  $ ../configure 

## --------- ##
## Platform. ##
## --------- ##

hostname = eosloan
uname -m = x86_64
uname -r = 3.10.0-229.el7.x86_64
uname -s = Linux
uname -v = #1 SMP Fri Mar 6 11:36:42 UTC 2015

/usr/bin/uname -p = x86_64
/bin/uname -X     = unknown

/bin/arch              = x86_64
/usr/bin/arch -k       = unknown
/usr/convex/getsysinfo = unknown
hostinfo               = unknown
/bin/machine           = unknown
/usr/bin/oslevel       = unknown
/bin/universe          = unknown

PATH: /pool001/ozaltun/ipopt_test/bin
PATH: /home/software/anaconda3/2019.10/condabin
PATH: /home/software/sloan/local/bin
PATH: /home/software/gcc/6.2.0/bin
PATH: /usr/lib64/qt-3.3/bin
PATH: /bin
PATH: /usr/local/bin
PATH: /usr/bin
PATH: /usr/local/sbin
PATH: /usr/sbin
PATH: /opt/dell/srvadmin/bin
PATH: /home/ozaltun/bin


## ----------- ##
## Core tests. ##
## ----------- ##

configure:1700: checking build system type
configure:1718: result: x86_64-unknown-linux-gnu
configure:1729: checking whether we want to compile in debug mode
configure:1758: result: no
configure:2021: checking for C compiler version
configure:2024: /pool001/ozaltun/ipopt_test/bin/x86_64-conda_cos6-linux-gnu-cc --version </dev/null >&5
x86_64-conda_cos6-linux-gnu-cc (crosstool-NG 1.23.0.449-a04d0) 7.3.0
Copyright (C) 2017 Free Software Foundation, Inc.
This is free software; see the source for copying conditions.  There is NO
warranty; not even for MERCHANTABILITY or FITNESS FOR A PARTICULAR PURPOSE.

configure:2027: $? = 0
configure:2029: /pool001/ozaltun/ipopt_test/bin/x86_64-conda_cos6-linux-gnu-cc -v </dev/null >&5
Reading specs from /pool001/ozaltun/ipopt_test/bin/../lib/gcc/x86_64-conda_cos6-linux-gnu/7.3.0/specs
COLLECT_GCC=/pool001/ozaltun/ipopt_test/bin/x86_64-conda_cos6-linux-gnu-cc
COLLECT_LTO_WRAPPER=/pool001/ozaltun/ipopt_test/bin/../libexec/gcc/x86_64-conda_cos6-linux-gnu/7.3.0/lto-wrapper
Target: x86_64-conda_cos6-linux-gnu
Configured with: /home/rdonnelly/mc/conda-bld/compilers_linux-64_1534865402226/work/.build/x86_64-conda_cos6-linux-gnu/src/gcc/configure --build=x86_64-build_pc-linux-gnu --host=x86_64-build_pc-linux-gnu --target=x86_64-conda_cos6-linux-gnu --prefix=/home/rdonnelly/mc/conda-bld/compilers_linux-64_1534865402226/work/gcc_built --with-sysroot=/home/rdonnelly/mc/conda-bld/compilers_linux-64_1534865402226/work/gcc_built/x86_64-conda_cos6-linux-gnu/sysroot --enable-languages=c,c++,fortran,objc,obj-c++ --with-pkgversion='crosstool-NG 1.23.0.449-a04d0' --enable-__cxa_atexit --disable-libmudflap --enable-libgomp --disable-libssp --enable-libquadmath --enable-libquadmath-support --enable-libsanitizer --enable-libmpx --with-gmp=/home/rdonnelly/mc/conda-bld/compilers_linux-64_1534865402226/work/.build/x86_64-conda_cos6-linux-gnu/buildtools --with-mpfr=/home/rdonnelly/mc/conda-bld/compilers_linux-64_1534865402226/work/.build/x86_64-conda_cos6-linux-gnu/buildtools --with-mpc=/home/rdonnelly/mc/conda-bld/compilers_linux-64_1534865402226/work/.build/x86_64-conda_cos6-linux-gnu/buildtools --with-isl=/home/rdonnelly/mc/conda-bld/compilers_linux-64_1534865402226/work/.build/x86_64-conda_cos6-linux-gnu/buildtools --enable-lto --enable-threads=posix --enable-target-optspace --enable-plugin --enable-gold --disable-nls --disable-multilib --with-local-prefix=/home/rdonnelly/mc/conda-bld/compilers_linux-64_1534865402226/work/gcc_built/x86_64-conda_cos6-linux-gnu/sysroot --enable-long-long --enable-default-pie
Thread model: posix
gcc version 7.3.0 (crosstool-NG 1.23.0.449-a04d0) 
configure:2032: $? = 0
configure:2034: /pool001/ozaltun/ipopt_test/bin/x86_64-conda_cos6-linux-gnu-cc -V </dev/null >&5
x86_64-conda_cos6-linux-gnu-cc: error: unrecognized command line option '-V'
x86_64-conda_cos6-linux-gnu-cc: fatal error: no input files
compilation terminated.
configure:2037: $? = 1
configure:2060: checking for C compiler default output file name
configure:2063: /pool001/ozaltun/ipopt_test/bin/x86_64-conda_cos6-linux-gnu-cc -march=nocona -mtune=haswell -ftree-vectorize -fPIC -fstack-protector-strong -fno-plt -O2 -ffunction-sections -pipe -isystem /pool001/ozaltun/ipopt_test/include -DNDEBUG -D_FORTIFY_SOURCE=2 -O2 -isystem /pool001/ozaltun/ipopt_test/include -Wl,-O2 -Wl,--sort-common -Wl,--as-needed -Wl,-z,relro -Wl,-z,now -Wl,--disable-new-dtags -Wl,--gc-sections -Wl,-rpath,/pool001/ozaltun/ipopt_test/lib -Wl,-rpath-link,/pool001/ozaltun/ipopt_test/lib -L/pool001/ozaltun/ipopt_test/lib conftest.c  >&5
configure:2066: $? = 0
configure:2112: result: a.out
configure:2117: checking whether the C compiler works
configure:2123: ./a.out
configure:2126: $? = 0
configure:2143: result: yes
configure:2150: checking whether we are cross compiling
configure:2152: result: no
configure:2155: checking for suffix of executables
configure:2157: /pool001/ozaltun/ipopt_test/bin/x86_64-conda_cos6-linux-gnu-cc -o conftest -march=nocona -mtune=haswell -ftree-vectorize -fPIC -fstack-protector-strong -fno-plt -O2 -ffunction-sections -pipe -isystem /pool001/ozaltun/ipopt_test/include -DNDEBUG -D_FORTIFY_SOURCE=2 -O2 -isystem /pool001/ozaltun/ipopt_test/include -Wl,-O2 -Wl,--sort-common -Wl,--as-needed -Wl,-z,relro -Wl,-z,now -Wl,--disable-new-dtags -Wl,--gc-sections -Wl,-rpath,/pool001/ozaltun/ipopt_test/lib -Wl,-rpath-link,/pool001/ozaltun/ipopt_test/lib -L/pool001/ozaltun/ipopt_test/lib conftest.c  >&5
configure:2160: $? = 0
configure:2185: result: 
configure:2191: checking for suffix of object files
configure:2212: /pool001/ozaltun/ipopt_test/bin/x86_64-conda_cos6-linux-gnu-cc -c -march=nocona -mtune=haswell -ftree-vectorize -fPIC -fstack-protector-strong -fno-plt -O2 -ffunction-sections -pipe -isystem /pool001/ozaltun/ipopt_test/include -DNDEBUG -D_FORTIFY_SOURCE=2 -O2 -isystem /pool001/ozaltun/ipopt_test/include conftest.c >&5
configure:2215: $? = 0
configure:2237: result: o
configure:2241: checking whether we are using the GNU C compiler
configure:2265: /pool001/ozaltun/ipopt_test/bin/x86_64-conda_cos6-linux-gnu-cc -c -march=nocona -mtune=haswell -ftree-vectorize -fPIC -fstack-protector-strong -fno-plt -O2 -ffunction-sections -pipe -isystem /pool001/ozaltun/ipopt_test/include -DNDEBUG -D_FORTIFY_SOURCE=2 -O2 -isystem /pool001/ozaltun/ipopt_test/include conftest.c >&5
configure:2271: $? = 0
configure:2275: test -z 
			 || test ! -s conftest.err
configure:2278: $? = 0
configure:2281: test -s conftest.o
configure:2284: $? = 0
configure:2297: result: yes
configure:2303: checking whether /pool001/ozaltun/ipopt_test/bin/x86_64-conda_cos6-linux-gnu-cc accepts -g
configure:2324: /pool001/ozaltun/ipopt_test/bin/x86_64-conda_cos6-linux-gnu-cc -c -g -DNDEBUG -D_FORTIFY_SOURCE=2 -O2 -isystem /pool001/ozaltun/ipopt_test/include conftest.c >&5
configure:2330: $? = 0
configure:2334: test -z 
			 || test ! -s conftest.err
configure:2337: $? = 0
configure:2340: test -s conftest.o
configure:2343: $? = 0
configure:2354: result: yes
configure:2371: checking for /pool001/ozaltun/ipopt_test/bin/x86_64-conda_cos6-linux-gnu-cc option to accept ANSI C
configure:2441: /pool001/ozaltun/ipopt_test/bin/x86_64-conda_cos6-linux-gnu-cc  -c -march=nocona -mtune=haswell -ftree-vectorize -fPIC -fstack-protector-strong -fno-plt -O2 -ffunction-sections -pipe -isystem /pool001/ozaltun/ipopt_test/include -DNDEBUG -D_FORTIFY_SOURCE=2 -O2 -isystem /pool001/ozaltun/ipopt_test/include conftest.c >&5
configure:2447: $? = 0
configure:2451: test -z 
			 || test ! -s conftest.err
configure:2454: $? = 0
configure:2457: test -s conftest.o
configure:2460: $? = 0
configure:2478: result: none needed
configure:2496: /pool001/ozaltun/ipopt_test/bin/x86_64-conda_cos6-linux-gnu-cc -c -march=nocona -mtune=haswell -ftree-vectorize -fPIC -fstack-protector-strong -fno-plt -O2 -ffunction-sections -pipe -isystem /pool001/ozaltun/ipopt_test/include -DNDEBUG -D_FORTIFY_SOURCE=2 -O2 -isystem /pool001/ozaltun/ipopt_test/include conftest.c >&5
conftest.c:2:3: error: unknown type name 'choke'
   choke me
   ^~~~~
conftest.c:2:3: error: expected '=', ',', ';', 'asm' or '__attribute__' at end of input
configure:2502: $? = 1
configure: failed program was:
| #ifndef __cplusplus
|   choke me
| #endif
configure:2930: /pool001/ozaltun/ipopt_test/bin/x86_64-conda_cos6-linux-gnu-cc -o conftest -march=nocona -mtune=haswell -ftree-vectorize -fPIC -fstack-protector-strong -fno-plt -O2 -ffunction-sections -pipe -isystem /pool001/ozaltun/ipopt_test/include   -DNDEBUG -D_FORTIFY_SOURCE=2 -O2 -isystem /pool001/ozaltun/ipopt_test/include -Wl,-O2 -Wl,--sort-common -Wl,--as-needed -Wl,-z,relro -Wl,-z,now -Wl,--disable-new-dtags -Wl,--gc-sections -Wl,-rpath,/pool001/ozaltun/ipopt_test/lib -Wl,-rpath-link,/pool001/ozaltun/ipopt_test/lib -L/pool001/ozaltun/ipopt_test/lib conftest.c  >&5
configure:2936: $? = 0
configure:2940: test -z 
			 || test ! -s conftest.err
configure:2943: $? = 0
configure:2946: test -s conftest
configure:2949: $? = 0
configure:3016: C compiler options are: -march=nocona -mtune=haswell -ftree-vectorize -fPIC -fstack-protector-strong -fno-plt -O2 -ffunction-sections -pipe -isystem /pool001/ozaltun/ipopt_test/include  
configure:3175: checking for C++ compiler version
configure:3178: /pool001/ozaltun/ipopt_test/bin/x86_64-conda_cos6-linux-gnu-c++ --version </dev/null >&5
x86_64-conda_cos6-linux-gnu-c++ (crosstool-NG 1.23.0.449-a04d0) 7.3.0
Copyright (C) 2017 Free Software Foundation, Inc.
This is free software; see the source for copying conditions.  There is NO
warranty; not even for MERCHANTABILITY or FITNESS FOR A PARTICULAR PURPOSE.

configure:3181: $? = 0
configure:3183: /pool001/ozaltun/ipopt_test/bin/x86_64-conda_cos6-linux-gnu-c++ -v </dev/null >&5
Reading specs from /pool001/ozaltun/ipopt_test/bin/../lib/gcc/x86_64-conda_cos6-linux-gnu/7.3.0/specs
COLLECT_GCC=/pool001/ozaltun/ipopt_test/bin/x86_64-conda_cos6-linux-gnu-c++
COLLECT_LTO_WRAPPER=/pool001/ozaltun/ipopt_test/bin/../libexec/gcc/x86_64-conda_cos6-linux-gnu/7.3.0/lto-wrapper
Target: x86_64-conda_cos6-linux-gnu
Configured with: /home/rdonnelly/mc/conda-bld/compilers_linux-64_1534865402226/work/.build/x86_64-conda_cos6-linux-gnu/src/gcc/configure --build=x86_64-build_pc-linux-gnu --host=x86_64-build_pc-linux-gnu --target=x86_64-conda_cos6-linux-gnu --prefix=/home/rdonnelly/mc/conda-bld/compilers_linux-64_1534865402226/work/gcc_built --with-sysroot=/home/rdonnelly/mc/conda-bld/compilers_linux-64_1534865402226/work/gcc_built/x86_64-conda_cos6-linux-gnu/sysroot --enable-languages=c,c++,fortran,objc,obj-c++ --with-pkgversion='crosstool-NG 1.23.0.449-a04d0' --enable-__cxa_atexit --disable-libmudflap --enable-libgomp --disable-libssp --enable-libquadmath --enable-libquadmath-support --enable-libsanitizer --enable-libmpx --with-gmp=/home/rdonnelly/mc/conda-bld/compilers_linux-64_1534865402226/work/.build/x86_64-conda_cos6-linux-gnu/buildtools --with-mpfr=/home/rdonnelly/mc/conda-bld/compilers_linux-64_1534865402226/work/.build/x86_64-conda_cos6-linux-gnu/buildtools --with-mpc=/home/rdonnelly/mc/conda-bld/compilers_linux-64_1534865402226/work/.build/x86_64-conda_cos6-linux-gnu/buildtools --with-isl=/home/rdonnelly/mc/conda-bld/compilers_linux-64_1534865402226/work/.build/x86_64-conda_cos6-linux-gnu/buildtools --enable-lto --enable-threads=posix --enable-target-optspace --enable-plugin --enable-gold --disable-nls --disable-multilib --with-local-prefix=/home/rdonnelly/mc/conda-bld/compilers_linux-64_1534865402226/work/gcc_built/x86_64-conda_cos6-linux-gnu/sysroot --enable-long-long --enable-default-pie
Thread model: posix
gcc version 7.3.0 (crosstool-NG 1.23.0.449-a04d0) 
configure:3186: $? = 0
configure:3188: /pool001/ozaltun/ipopt_test/bin/x86_64-conda_cos6-linux-gnu-c++ -V </dev/null >&5
x86_64-conda_cos6-linux-gnu-c++: error: unrecognized command line option '-V'
x86_64-conda_cos6-linux-gnu-c++: fatal error: no input files
compilation terminated.
configure:3191: $? = 1
configure:3194: checking whether we are using the GNU C++ compiler
configure:3218: /pool001/ozaltun/ipopt_test/bin/x86_64-conda_cos6-linux-gnu-c++ -c -fvisibility-inlines-hidden -std=c++17 -fmessage-length=0 -march=nocona -mtune=haswell -ftree-vectorize -fPIC -fstack-protector-strong -fno-plt -O2 -ffunction-sections -pipe -isystem /pool001/ozaltun/ipopt_test/include -DNDEBUG -D_FORTIFY_SOURCE=2 -O2 -isystem /pool001/ozaltun/ipopt_test/include conftest.cc >&5
configure:3224: $? = 0
configure:3228: test -z 
			 || test ! -s conftest.err
configure:3231: $? = 0
configure:3234: test -s conftest.o
configure:3237: $? = 0
configure:3250: result: yes
configure:3256: checking whether /pool001/ozaltun/ipopt_test/bin/x86_64-conda_cos6-linux-gnu-c++ accepts -g
configure:3277: /pool001/ozaltun/ipopt_test/bin/x86_64-conda_cos6-linux-gnu-c++ -c -g -DNDEBUG -D_FORTIFY_SOURCE=2 -O2 -isystem /pool001/ozaltun/ipopt_test/include conftest.cc >&5
configure:3283: $? = 0
configure:3287: test -z 
			 || test ! -s conftest.err
configure:3290: $? = 0
configure:3293: test -s conftest.o
configure:3296: $? = 0
configure:3307: result: yes
configure:3349: /pool001/ozaltun/ipopt_test/bin/x86_64-conda_cos6-linux-gnu-c++ -c -fvisibility-inlines-hidden -std=c++17 -fmessage-length=0 -march=nocona -mtune=haswell -ftree-vectorize -fPIC -fstack-protector-strong -fno-plt -O2 -ffunction-sections -pipe -isystem /pool001/ozaltun/ipopt_test/include -DNDEBUG -D_FORTIFY_SOURCE=2 -O2 -isystem /pool001/ozaltun/ipopt_test/include conftest.cc >&5
configure:3355: $? = 0
configure:3359: test -z 
			 || test ! -s conftest.err
configure:3362: $? = 0
configure:3365: test -s conftest.o
configure:3368: $? = 0
configure:3394: /pool001/ozaltun/ipopt_test/bin/x86_64-conda_cos6-linux-gnu-c++ -c -fvisibility-inlines-hidden -std=c++17 -fmessage-length=0 -march=nocona -mtune=haswell -ftree-vectorize -fPIC -fstack-protector-strong -fno-plt -O2 -ffunction-sections -pipe -isystem /pool001/ozaltun/ipopt_test/include -DNDEBUG -D_FORTIFY_SOURCE=2 -O2 -isystem /pool001/ozaltun/ipopt_test/include conftest.cc >&5
conftest.cc: In function 'int main()':
conftest.cc:13:1: error: 'exit' was not declared in this scope
 exit (42);
 ^~~~
configure:3400: $? = 1
configure: failed program was:
| /* confdefs.h.  */
| 
| #define PACKAGE_NAME "Ipopt"
| #define PACKAGE_TARNAME "ipopt"
| #define PACKAGE_VERSION "3.12.5"
| #define PACKAGE_STRING "Ipopt 3.12.5"
| #define PACKAGE_BUGREPORT "http://projects.coin-or.org/Ipopt/newticket"
| /* end confdefs.h.  */
| 
| int
| main ()
| {
| exit (42);
|   ;
|   return 0;
| }
configure:3349: /pool001/ozaltun/ipopt_test/bin/x86_64-conda_cos6-linux-gnu-c++ -c -fvisibility-inlines-hidden -std=c++17 -fmessage-length=0 -march=nocona -mtune=haswell -ftree-vectorize -fPIC -fstack-protector-strong -fno-plt -O2 -ffunction-sections -pipe -isystem /pool001/ozaltun/ipopt_test/include -DNDEBUG -D_FORTIFY_SOURCE=2 -O2 -isystem /pool001/ozaltun/ipopt_test/include conftest.cc >&5
configure:3355: $? = 0
configure:3359: test -z 
			 || test ! -s conftest.err
configure:3362: $? = 0
configure:3365: test -s conftest.o
configure:3368: $? = 0
configure:3394: /pool001/ozaltun/ipopt_test/bin/x86_64-conda_cos6-linux-gnu-c++ -c -fvisibility-inlines-hidden -std=c++17 -fmessage-length=0 -march=nocona -mtune=haswell -ftree-vectorize -fPIC -fstack-protector-strong -fno-plt -O2 -ffunction-sections -pipe -isystem /pool001/ozaltun/ipopt_test/include -DNDEBUG -D_FORTIFY_SOURCE=2 -O2 -isystem /pool001/ozaltun/ipopt_test/include conftest.cc >&5
configure:3400: $? = 0
configure:3404: test -z 
			 || test ! -s conftest.err
configure:3407: $? = 0
configure:3410: test -s conftest.o
configure:3413: $? = 0
configure:3445: checking whether C++ compiler /pool001/ozaltun/ipopt_test/bin/x86_64-conda_cos6-linux-gnu-c++ works
configure:3463: /pool001/ozaltun/ipopt_test/bin/x86_64-conda_cos6-linux-gnu-c++ -c -fvisibility-inlines-hidden -std=c++17 -fmessage-length=0 -march=nocona -mtune=haswell -ftree-vectorize -fPIC -fstack-protector-strong -fno-plt -O2 -ffunction-sections -pipe -isystem /pool001/ozaltun/ipopt_test/include -DNDEBUG -D_FORTIFY_SOURCE=2 -O2 -isystem /pool001/ozaltun/ipopt_test/include conftest.cc >&5
configure:3469: $? = 0
configure:3473: test -z 
			 || test ! -s conftest.err
configure:3476: $? = 0
configure:3479: test -s conftest.o
configure:3482: $? = 0
configure:3484: result: yes
configure:3812: /pool001/ozaltun/ipopt_test/bin/x86_64-conda_cos6-linux-gnu-c++ -o conftest -fvisibility-inlines-hidden -std=c++17 -fmessage-length=0 -march=nocona -mtune=haswell -ftree-vectorize -fPIC -fstack-protector-strong -fno-plt -O2 -ffunction-sections -pipe -isystem /pool001/ozaltun/ipopt_test/include   -DNDEBUG -D_FORTIFY_SOURCE=2 -O2 -isystem /pool001/ozaltun/ipopt_test/include -Wl,-O2 -Wl,--sort-common -Wl,--as-needed -Wl,-z,relro -Wl,-z,now -Wl,--disable-new-dtags -Wl,--gc-sections -Wl,-rpath,/pool001/ozaltun/ipopt_test/lib -Wl,-rpath-link,/pool001/ozaltun/ipopt_test/lib -L/pool001/ozaltun/ipopt_test/lib conftest.cc  >&5
configure:3818: $? = 0
configure:3822: test -z 
			 || test ! -s conftest.err
configure:3825: $? = 0
configure:3828: test -s conftest
configure:3831: $? = 0
configure:3898: C++ compiler options are: -fvisibility-inlines-hidden -std=c++17 -fmessage-length=0 -march=nocona -mtune=haswell -ftree-vectorize -fPIC -fstack-protector-strong -fno-plt -O2 -ffunction-sections -pipe -isystem /pool001/ozaltun/ipopt_test/include  
configure:3969: Trying to determine Fortran compiler name
configure:4018: checking for gfortran
configure:4034: found /home/software/gcc/6.2.0/bin/gfortran
configure:4044: result: gfortran
configure:4152: checking for Fortran 77 compiler version
configure:4155: gfortran --version </dev/null >&5
GNU Fortran (GCC) 6.2.0
Copyright (C) 2016 Free Software Foundation, Inc.
This is free software; see the source for copying conditions.  There is NO
warranty; not even for MERCHANTABILITY or FITNESS FOR A PARTICULAR PURPOSE.

configure:4158: $? = 0
configure:4160: gfortran -v </dev/null >&5
Using built-in specs.
COLLECT_GCC=gfortran
COLLECT_LTO_WRAPPER=/home/software/gcc/6.2.0/libexec/gcc/x86_64-pc-linux-gnu/6.2.0/lto-wrapper
Target: x86_64-pc-linux-gnu
Configured with: ./configure --with-gmp=/home/software/gmp/6.1.1 --with-mpfr=/home/software/mpfr/3.1.4 --with-mpc=/home/software/mpc/1.0.3 --disable-multilib --prefix=/home/software/gcc/6.2.0
Thread model: posix
gcc version 6.2.0 (GCC) 
configure:4163: $? = 0
configure:4165: gfortran -V </dev/null >&5
gfortran: error: unrecognized command line option '-V'
gfortran: fatal error: no input files
compilation terminated.
configure:4168: $? = 1
configure:4176: checking whether we are using the GNU Fortran 77 compiler
configure:4190: gfortran -c  conftest.F >&5
configure:4196: $? = 0
configure:4200: test -z 
			 || test ! -s conftest.err
configure:4203: $? = 0
configure:4206: test -s conftest.o
configure:4209: $? = 0
configure:4222: result: yes
configure:4228: checking whether gfortran accepts -g
configure:4240: gfortran -c -g conftest.f >&5
configure:4246: $? = 0
configure:4250: test -z 
			 || test ! -s conftest.err
configure:4253: $? = 0
configure:4256: test -s conftest.o
configure:4259: $? = 0
configure:4271: result: yes
configure:4506: gfortran -o conftest -O3 -pipe   -Wl,-O2 -Wl,--sort-common -Wl,--as-needed -Wl,-z,relro -Wl,-z,now -Wl,--disable-new-dtags -Wl,--gc-sections -Wl,-rpath,/pool001/ozaltun/ipopt_test/lib -Wl,-rpath-link,/pool001/ozaltun/ipopt_test/lib -L/pool001/ozaltun/ipopt_test/lib conftest.f  >&5
configure:4512: $? = 0
configure:4516: test -z 
			 || test ! -s conftest.err
configure:4519: $? = 0
configure:4522: test -s conftest
configure:4525: $? = 0
configure:4583: Fortran compiler options are: -O3 -pipe  
configure:4706: checking for egrep
configure:4716: result: grep -E
configure:4721: checking whether ln -s works
configure:4725: result: yes
configure:4746: checking for a BSD-compatible install
configure:4801: result: /bin/install -c
configure:4812: checking whether build environment is sane
configure:4855: result: yes
configure:4920: checking for gawk
configure:4936: found /bin/gawk
configure:4946: result: gawk
configure:4956: checking whether make sets $(MAKE)
configure:4976: result: yes
configure:5006: checking for style of include used by make
configure:5034: result: GNU
configure:5215: checking dependency style of /pool001/ozaltun/ipopt_test/bin/x86_64-conda_cos6-linux-gnu-cc
configure:5305: result: gcc3
configure:5324: checking dependency style of /pool001/ozaltun/ipopt_test/bin/x86_64-conda_cos6-linux-gnu-c++
configure:5414: result: gcc3
configure:5432: checking whether to enable maintainer-specific portions of Makefiles
configure:5441: result: no
configure:5891: checking host system type
configure:5905: result: x86_64-unknown-linux-gnu
configure:5913: checking for a sed that does not truncate output
configure:5967: result: /bin/sed
configure:5981: checking for ld used by /pool001/ozaltun/ipopt_test/bin/x86_64-conda_cos6-linux-gnu-cc
configure:6048: result: /pool001/ozaltun/ipopt_test/bin/x86_64-conda_cos6-linux-gnu-ld
configure:6057: checking if the linker (/pool001/ozaltun/ipopt_test/bin/x86_64-conda_cos6-linux-gnu-ld) is GNU ld
configure:6072: result: yes
configure:6077: checking for /pool001/ozaltun/ipopt_test/bin/x86_64-conda_cos6-linux-gnu-ld option to reload object files
configure:6084: result: -r
configure:6102: checking for BSD-compatible nm
configure:6151: result: /pool001/ozaltun/ipopt_test/bin/x86_64-conda_cos6-linux-gnu-nm
configure:6155: checking how to recognise dependent libraries
configure:6331: result: pass_all
configure:6418: /pool001/ozaltun/ipopt_test/bin/x86_64-conda_cos6-linux-gnu-cc -c -march=nocona -mtune=haswell -ftree-vectorize -fPIC -fstack-protector-strong -fno-plt -O2 -ffunction-sections -pipe -isystem /pool001/ozaltun/ipopt_test/include   -DNDEBUG -D_FORTIFY_SOURCE=2 -O2 -isystem /pool001/ozaltun/ipopt_test/include conftest.c >&5
configure:6421: $? = 0
configure:6567: checking how to run the C preprocessor
configure:6685: result: /pool001/ozaltun/ipopt_test/bin/x86_64-conda_cos6-linux-gnu-cpp
configure:6709: /pool001/ozaltun/ipopt_test/bin/x86_64-conda_cos6-linux-gnu-cpp -DNDEBUG -D_FORTIFY_SOURCE=2 -O2 -isystem /pool001/ozaltun/ipopt_test/include conftest.c
configure:6715: $? = 0
configure:6747: /pool001/ozaltun/ipopt_test/bin/x86_64-conda_cos6-linux-gnu-cpp -DNDEBUG -D_FORTIFY_SOURCE=2 -O2 -isystem /pool001/ozaltun/ipopt_test/include conftest.c
conftest.c:14:10: fatal error: ac_nonexistent.h: No such file or directory
 #include <ac_nonexistent.h>
          ^~~~~~~~~~~~~~~~~~
compilation terminated.
configure:6753: $? = 1
configure: failed program was:
| /* confdefs.h.  */
| 
| #define PACKAGE_NAME "Ipopt"
| #define PACKAGE_TARNAME "ipopt"
| #define PACKAGE_VERSION "3.12.5"
| #define PACKAGE_STRING "Ipopt 3.12.5"
| #define PACKAGE_BUGREPORT "http://projects.coin-or.org/Ipopt/newticket"
| #ifdef __cplusplus
| extern "C" void std::exit (int) throw (); using std::exit;
| #endif
| #define PACKAGE "ipopt"
| #define VERSION "3.12.5"
| /* end confdefs.h.  */
| #include <ac_nonexistent.h>
configure:6797: checking for ANSI C header files
configure:6822: /pool001/ozaltun/ipopt_test/bin/x86_64-conda_cos6-linux-gnu-cc -c -march=nocona -mtune=haswell -ftree-vectorize -fPIC -fstack-protector-strong -fno-plt -O2 -ffunction-sections -pipe -isystem /pool001/ozaltun/ipopt_test/include   -DNDEBUG -D_FORTIFY_SOURCE=2 -O2 -isystem /pool001/ozaltun/ipopt_test/include conftest.c >&5
configure:6828: $? = 0
configure:6832: test -z 
			 || test ! -s conftest.err
configure:6835: $? = 0
configure:6838: test -s conftest.o
configure:6841: $? = 0
configure:6930: /pool001/ozaltun/ipopt_test/bin/x86_64-conda_cos6-linux-gnu-cc -o conftest -march=nocona -mtune=haswell -ftree-vectorize -fPIC -fstack-protector-strong -fno-plt -O2 -ffunction-sections -pipe -isystem /pool001/ozaltun/ipopt_test/include   -DNDEBUG -D_FORTIFY_SOURCE=2 -O2 -isystem /pool001/ozaltun/ipopt_test/include -Wl,-O2 -Wl,--sort-common -Wl,--as-needed -Wl,-z,relro -Wl,-z,now -Wl,--disable-new-dtags -Wl,--gc-sections -Wl,-rpath,/pool001/ozaltun/ipopt_test/lib -Wl,-rpath-link,/pool001/ozaltun/ipopt_test/lib -L/pool001/ozaltun/ipopt_test/lib conftest.c  >&5
conftest.c: In function 'main':
conftest.c:31:7: warning: implicit declaration of function 'exit' [-Wimplicit-function-declaration]
       exit(2);
       ^~~~
conftest.c:31:7: warning: incompatible implicit declaration of built-in function 'exit'
conftest.c:31:7: note: include '<stdlib.h>' or provide a declaration of 'exit'
conftest.c:32:3: warning: incompatible implicit declaration of built-in function 'exit'
   exit (0);
   ^~~~
conftest.c:32:3: note: include '<stdlib.h>' or provide a declaration of 'exit'
configure:6933: $? = 0
configure:6935: ./conftest
configure:6938: $? = 0
configure:6953: result: yes
configure:6977: checking for sys/types.h
configure:6993: /pool001/ozaltun/ipopt_test/bin/x86_64-conda_cos6-linux-gnu-cc -c -march=nocona -mtune=haswell -ftree-vectorize -fPIC -fstack-protector-strong -fno-plt -O2 -ffunction-sections -pipe -isystem /pool001/ozaltun/ipopt_test/include   -DNDEBUG -D_FORTIFY_SOURCE=2 -O2 -isystem /pool001/ozaltun/ipopt_test/include conftest.c >&5
configure:6999: $? = 0
configure:7003: test -z 
			 || test ! -s conftest.err
configure:7006: $? = 0
configure:7009: test -s conftest.o
configure:7012: $? = 0
configure:7023: result: yes
configure:6977: checking for sys/stat.h
configure:6993: /pool001/ozaltun/ipopt_test/bin/x86_64-conda_cos6-linux-gnu-cc -c -march=nocona -mtune=haswell -ftree-vectorize -fPIC -fstack-protector-strong -fno-plt -O2 -ffunction-sections -pipe -isystem /pool001/ozaltun/ipopt_test/include   -DNDEBUG -D_FORTIFY_SOURCE=2 -O2 -isystem /pool001/ozaltun/ipopt_test/include conftest.c >&5
configure:6999: $? = 0
configure:7003: test -z 
			 || test ! -s conftest.err
configure:7006: $? = 0
configure:7009: test -s conftest.o
configure:7012: $? = 0
configure:7023: result: yes
configure:6977: checking for stdlib.h
configure:6993: /pool001/ozaltun/ipopt_test/bin/x86_64-conda_cos6-linux-gnu-cc -c -march=nocona -mtune=haswell -ftree-vectorize -fPIC -fstack-protector-strong -fno-plt -O2 -ffunction-sections -pipe -isystem /pool001/ozaltun/ipopt_test/include   -DNDEBUG -D_FORTIFY_SOURCE=2 -O2 -isystem /pool001/ozaltun/ipopt_test/include conftest.c >&5
configure:6999: $? = 0
configure:7003: test -z 
			 || test ! -s conftest.err
configure:7006: $? = 0
configure:7009: test -s conftest.o
configure:7012: $? = 0
configure:7023: result: yes
configure:6977: checking for string.h
configure:6993: /pool001/ozaltun/ipopt_test/bin/x86_64-conda_cos6-linux-gnu-cc -c -march=nocona -mtune=haswell -ftree-vectorize -fPIC -fstack-protector-strong -fno-plt -O2 -ffunction-sections -pipe -isystem /pool001/ozaltun/ipopt_test/include   -DNDEBUG -D_FORTIFY_SOURCE=2 -O2 -isystem /pool001/ozaltun/ipopt_test/include conftest.c >&5
configure:6999: $? = 0
configure:7003: test -z 
			 || test ! -s conftest.err
configure:7006: $? = 0
configure:7009: test -s conftest.o
configure:7012: $? = 0
configure:7023: result: yes
configure:6977: checking for memory.h
configure:6993: /pool001/ozaltun/ipopt_test/bin/x86_64-conda_cos6-linux-gnu-cc -c -march=nocona -mtune=haswell -ftree-vectorize -fPIC -fstack-protector-strong -fno-plt -O2 -ffunction-sections -pipe -isystem /pool001/ozaltun/ipopt_test/include   -DNDEBUG -D_FORTIFY_SOURCE=2 -O2 -isystem /pool001/ozaltun/ipopt_test/include conftest.c >&5
configure:6999: $? = 0
configure:7003: test -z 
			 || test ! -s conftest.err
configure:7006: $? = 0
configure:7009: test -s conftest.o
configure:7012: $? = 0
configure:7023: result: yes
configure:6977: checking for strings.h
configure:6993: /pool001/ozaltun/ipopt_test/bin/x86_64-conda_cos6-linux-gnu-cc -c -march=nocona -mtune=haswell -ftree-vectorize -fPIC -fstack-protector-strong -fno-plt -O2 -ffunction-sections -pipe -isystem /pool001/ozaltun/ipopt_test/include   -DNDEBUG -D_FORTIFY_SOURCE=2 -O2 -isystem /pool001/ozaltun/ipopt_test/include conftest.c >&5
configure:6999: $? = 0
configure:7003: test -z 
			 || test ! -s conftest.err
configure:7006: $? = 0
configure:7009: test -s conftest.o
configure:7012: $? = 0
configure:7023: result: yes
configure:6977: checking for inttypes.h
configure:6993: /pool001/ozaltun/ipopt_test/bin/x86_64-conda_cos6-linux-gnu-cc -c -march=nocona -mtune=haswell -ftree-vectorize -fPIC -fstack-protector-strong -fno-plt -O2 -ffunction-sections -pipe -isystem /pool001/ozaltun/ipopt_test/include   -DNDEBUG -D_FORTIFY_SOURCE=2 -O2 -isystem /pool001/ozaltun/ipopt_test/include conftest.c >&5
configure:6999: $? = 0
configure:7003: test -z 
			 || test ! -s conftest.err
configure:7006: $? = 0
configure:7009: test -s conftest.o
configure:7012: $? = 0
configure:7023: result: yes
configure:6977: checking for stdint.h
configure:6993: /pool001/ozaltun/ipopt_test/bin/x86_64-conda_cos6-linux-gnu-cc -c -march=nocona -mtune=haswell -ftree-vectorize -fPIC -fstack-protector-strong -fno-plt -O2 -ffunction-sections -pipe -isystem /pool001/ozaltun/ipopt_test/include   -DNDEBUG -D_FORTIFY_SOURCE=2 -O2 -isystem /pool001/ozaltun/ipopt_test/include conftest.c >&5
configure:6999: $? = 0
configure:7003: test -z 
			 || test ! -s conftest.err
configure:7006: $? = 0
configure:7009: test -s conftest.o
configure:7012: $? = 0
configure:7023: result: yes
configure:6977: checking for unistd.h
configure:6993: /pool001/ozaltun/ipopt_test/bin/x86_64-conda_cos6-linux-gnu-cc -c -march=nocona -mtune=haswell -ftree-vectorize -fPIC -fstack-protector-strong -fno-plt -O2 -ffunction-sections -pipe -isystem /pool001/ozaltun/ipopt_test/include   -DNDEBUG -D_FORTIFY_SOURCE=2 -O2 -isystem /pool001/ozaltun/ipopt_test/include conftest.c >&5
configure:6999: $? = 0
configure:7003: test -z 
			 || test ! -s conftest.err
configure:7006: $? = 0
configure:7009: test -s conftest.o
configure:7012: $? = 0
configure:7023: result: yes
configure:7049: checking dlfcn.h usability
configure:7061: /pool001/ozaltun/ipopt_test/bin/x86_64-conda_cos6-linux-gnu-cc -c -march=nocona -mtune=haswell -ftree-vectorize -fPIC -fstack-protector-strong -fno-plt -O2 -ffunction-sections -pipe -isystem /pool001/ozaltun/ipopt_test/include   -DNDEBUG -D_FORTIFY_SOURCE=2 -O2 -isystem /pool001/ozaltun/ipopt_test/include conftest.c >&5
configure:7067: $? = 0
configure:7071: test -z 
			 || test ! -s conftest.err
configure:7074: $? = 0
configure:7077: test -s conftest.o
configure:7080: $? = 0
configure:7090: result: yes
configure:7094: checking dlfcn.h presence
configure:7104: /pool001/ozaltun/ipopt_test/bin/x86_64-conda_cos6-linux-gnu-cpp -DNDEBUG -D_FORTIFY_SOURCE=2 -O2 -isystem /pool001/ozaltun/ipopt_test/include conftest.c
configure:7110: $? = 0
configure:7130: result: yes
configure:7165: checking for dlfcn.h
configure:7172: result: yes
configure:7195: checking how to run the C++ preprocessor
configure:7226: /pool001/ozaltun/ipopt_test/bin/x86_64-conda_cos6-linux-gnu-c++ -E -DNDEBUG -D_FORTIFY_SOURCE=2 -O2 -isystem /pool001/ozaltun/ipopt_test/include conftest.cc
configure:7232: $? = 0
configure:7264: /pool001/ozaltun/ipopt_test/bin/x86_64-conda_cos6-linux-gnu-c++ -E -DNDEBUG -D_FORTIFY_SOURCE=2 -O2 -isystem /pool001/ozaltun/ipopt_test/include conftest.cc
conftest.cc:25:10: fatal error: ac_nonexistent.h: No such file or directory
 #include <ac_nonexistent.h>
          ^~~~~~~~~~~~~~~~~~
compilation terminated.
configure:7270: $? = 1
configure: failed program was:
| /* confdefs.h.  */
| 
| #define PACKAGE_NAME "Ipopt"
| #define PACKAGE_TARNAME "ipopt"
| #define PACKAGE_VERSION "3.12.5"
| #define PACKAGE_STRING "Ipopt 3.12.5"
| #define PACKAGE_BUGREPORT "http://projects.coin-or.org/Ipopt/newticket"
| #ifdef __cplusplus
| extern "C" void std::exit (int) throw (); using std::exit;
| #endif
| #define PACKAGE "ipopt"
| #define VERSION "3.12.5"
| #define STDC_HEADERS 1
| #define HAVE_SYS_TYPES_H 1
| #define HAVE_SYS_STAT_H 1
| #define HAVE_STDLIB_H 1
| #define HAVE_STRING_H 1
| #define HAVE_MEMORY_H 1
| #define HAVE_STRINGS_H 1
| #define HAVE_INTTYPES_H 1
| #define HAVE_STDINT_H 1
| #define HAVE_UNISTD_H 1
| #define HAVE_DLFCN_H 1
| /* end confdefs.h.  */
| #include <ac_nonexistent.h>
configure:7309: result: /pool001/ozaltun/ipopt_test/bin/x86_64-conda_cos6-linux-gnu-c++ -E
configure:7333: /pool001/ozaltun/ipopt_test/bin/x86_64-conda_cos6-linux-gnu-c++ -E -DNDEBUG -D_FORTIFY_SOURCE=2 -O2 -isystem /pool001/ozaltun/ipopt_test/include conftest.cc
configure:7339: $? = 0
configure:7371: /pool001/ozaltun/ipopt_test/bin/x86_64-conda_cos6-linux-gnu-c++ -E -DNDEBUG -D_FORTIFY_SOURCE=2 -O2 -isystem /pool001/ozaltun/ipopt_test/include conftest.cc
conftest.cc:25:10: fatal error: ac_nonexistent.h: No such file or directory
 #include <ac_nonexistent.h>
          ^~~~~~~~~~~~~~~~~~
compilation terminated.
configure:7377: $? = 1
configure: failed program was:
| /* confdefs.h.  */
| 
| #define PACKAGE_NAME "Ipopt"
| #define PACKAGE_TARNAME "ipopt"
| #define PACKAGE_VERSION "3.12.5"
| #define PACKAGE_STRING "Ipopt 3.12.5"
| #define PACKAGE_BUGREPORT "http://projects.coin-or.org/Ipopt/newticket"
| #ifdef __cplusplus
| extern "C" void std::exit (int) throw (); using std::exit;
| #endif
| #define PACKAGE "ipopt"
| #define VERSION "3.12.5"
| #define STDC_HEADERS 1
| #define HAVE_SYS_TYPES_H 1
| #define HAVE_SYS_STAT_H 1
| #define HAVE_STDLIB_H 1
| #define HAVE_STRING_H 1
| #define HAVE_MEMORY_H 1
| #define HAVE_STRINGS_H 1
| #define HAVE_INTTYPES_H 1
| #define HAVE_STDINT_H 1
| #define HAVE_UNISTD_H 1
| #define HAVE_DLFCN_H 1
| /* end confdefs.h.  */
| #include <ac_nonexistent.h>
configure:7426: checking the maximum length of command line arguments
configure:7535: result: 32768
configure:7546: checking command to parse /pool001/ozaltun/ipopt_test/bin/x86_64-conda_cos6-linux-gnu-nm output from /pool001/ozaltun/ipopt_test/bin/x86_64-conda_cos6-linux-gnu-cc object
configure:7651: /pool001/ozaltun/ipopt_test/bin/x86_64-conda_cos6-linux-gnu-c++ -c -fvisibility-inlines-hidden -std=c++17 -fmessage-length=0 -march=nocona -mtune=haswell -ftree-vectorize -fPIC -fstack-protector-strong -fno-plt -O2 -ffunction-sections -pipe -isystem /pool001/ozaltun/ipopt_test/include   -DNDEBUG -D_FORTIFY_SOURCE=2 -O2 -isystem /pool001/ozaltun/ipopt_test/include conftest.cc >&5
configure:7654: $? = 0
configure:7658: /pool001/ozaltun/ipopt_test/bin/x86_64-conda_cos6-linux-gnu-nm conftest.o \| sed -n -e 's/^.*[ 	]\([ABCDGIRSTW][ABCDGIRSTW]*\)[ 	][ 	]*\([_A-Za-z][_A-Za-z0-9]*\)$/\1 \2 \2/p' \> conftest.nm
configure:7661: $? = 0
configure:7713: /pool001/ozaltun/ipopt_test/bin/x86_64-conda_cos6-linux-gnu-c++ -o conftest -fvisibility-inlines-hidden -std=c++17 -fmessage-length=0 -march=nocona -mtune=haswell -ftree-vectorize -fPIC -fstack-protector-strong -fno-plt -O2 -ffunction-sections -pipe -isystem /pool001/ozaltun/ipopt_test/include   -DNDEBUG -D_FORTIFY_SOURCE=2 -O2 -isystem /pool001/ozaltun/ipopt_test/include -Wl,-O2 -Wl,--sort-common -Wl,--as-needed -Wl,-z,relro -Wl,-z,now -Wl,--disable-new-dtags -Wl,--gc-sections -Wl,-rpath,/pool001/ozaltun/ipopt_test/lib -Wl,-rpath-link,/pool001/ozaltun/ipopt_test/lib -L/pool001/ozaltun/ipopt_test/lib conftest.cc conftstm.o >&5
configure:7716: $? = 0
configure:7754: result: ok
configure:7758: checking for objdir
configure:7773: result: .libs
configure:7863: checking for ar
configure:7890: result: /pool001/ozaltun/ipopt_test/bin/x86_64-conda_cos6-linux-gnu-ar
configure:7943: checking for ranlib
configure:7970: result: /pool001/ozaltun/ipopt_test/bin/x86_64-conda_cos6-linux-gnu-ranlib
configure:8023: checking for strip
configure:8050: result: /pool001/ozaltun/ipopt_test/bin/x86_64-conda_cos6-linux-gnu-strip
configure:8326: checking if /pool001/ozaltun/ipopt_test/bin/x86_64-conda_cos6-linux-gnu-cc supports -fno-rtti -fno-exceptions
configure:8344: /pool001/ozaltun/ipopt_test/bin/x86_64-conda_cos6-linux-gnu-cc -c -march=nocona -mtune=haswell -ftree-vectorize -fPIC -fstack-protector-strong -fno-plt -O2 -ffunction-sections -pipe -isystem /pool001/ozaltun/ipopt_test/include   -DNDEBUG -D_FORTIFY_SOURCE=2 -O2 -isystem /pool001/ozaltun/ipopt_test/include -fno-rtti -fno-exceptions conftest.c >&5
cc1: warning: command line option '-fno-rtti' is valid for C++/ObjC++ but not for C
configure:8348: $? = 0
configure:8361: result: no
configure:8376: checking for /pool001/ozaltun/ipopt_test/bin/x86_64-conda_cos6-linux-gnu-cc option to produce PIC
configure:8586: result: -fPIC
configure:8594: checking if /pool001/ozaltun/ipopt_test/bin/x86_64-conda_cos6-linux-gnu-cc PIC flag -fPIC works
configure:8612: /pool001/ozaltun/ipopt_test/bin/x86_64-conda_cos6-linux-gnu-cc -c -march=nocona -mtune=haswell -ftree-vectorize -fPIC -fstack-protector-strong -fno-plt -O2 -ffunction-sections -pipe -isystem /pool001/ozaltun/ipopt_test/include   -DNDEBUG -D_FORTIFY_SOURCE=2 -O2 -isystem /pool001/ozaltun/ipopt_test/include -fPIC -DPIC conftest.c >&5
configure:8616: $? = 0
configure:8629: result: yes
configure:8657: checking if /pool001/ozaltun/ipopt_test/bin/x86_64-conda_cos6-linux-gnu-cc static flag -static works
configure:8685: result: yes
configure:8695: checking if /pool001/ozaltun/ipopt_test/bin/x86_64-conda_cos6-linux-gnu-cc supports -c -o file.o
configure:8716: /pool001/ozaltun/ipopt_test/bin/x86_64-conda_cos6-linux-gnu-cc -c -march=nocona -mtune=haswell -ftree-vectorize -fPIC -fstack-protector-strong -fno-plt -O2 -ffunction-sections -pipe -isystem /pool001/ozaltun/ipopt_test/include   -DNDEBUG -D_FORTIFY_SOURCE=2 -O2 -isystem /pool001/ozaltun/ipopt_test/include -o out/conftest2.o conftest.c >&5
configure:8720: $? = 0
configure:8742: result: yes
configure:8768: checking whether the /pool001/ozaltun/ipopt_test/bin/x86_64-conda_cos6-linux-gnu-cc linker (/pool001/ozaltun/ipopt_test/bin/x86_64-conda_cos6-linux-gnu-ld -m elf_x86_64) supports shared libraries
configure:9726: result: yes
configure:9747: checking whether -lc should be explicitly linked in
configure:9752: /pool001/ozaltun/ipopt_test/bin/x86_64-conda_cos6-linux-gnu-cc -c -march=nocona -mtune=haswell -ftree-vectorize -fPIC -fstack-protector-strong -fno-plt -O2 -ffunction-sections -pipe -isystem /pool001/ozaltun/ipopt_test/include   -DNDEBUG -D_FORTIFY_SOURCE=2 -O2 -isystem /pool001/ozaltun/ipopt_test/include conftest.c >&5
configure:9755: $? = 0
configure:9770: /pool001/ozaltun/ipopt_test/bin/x86_64-conda_cos6-linux-gnu-cc -shared conftest.o  -v -Wl,-soname -Wl,conftest -o conftest 2\>\&1 \| grep  -lc  \>/dev/null 2\>\&1
configure:9773: $? = 0
configure:9785: result: no
configure:9793: checking dynamic linker characteristics
configure:10381: result: GNU/Linux ld.so
configure:10390: checking how to hardcode library paths into programs
configure:10415: result: immediate
configure:10429: checking whether stripping libraries is possible
configure:10434: result: yes
configure:11268: checking if libtool supports shared libraries
configure:11270: result: yes
configure:11273: checking whether to build shared libraries
configure:11294: result: yes
configure:11297: checking whether to build static libraries
configure:11301: result: no
configure:11393: creating libtool
configure:11981: checking for ld used by /pool001/ozaltun/ipopt_test/bin/x86_64-conda_cos6-linux-gnu-c++
configure:12048: result: /pool001/ozaltun/ipopt_test/bin/x86_64-conda_cos6-linux-gnu-ld -m elf_x86_64
configure:12057: checking if the linker (/pool001/ozaltun/ipopt_test/bin/x86_64-conda_cos6-linux-gnu-ld -m elf_x86_64) is GNU ld
configure:12072: result: yes
configure:12123: checking whether the /pool001/ozaltun/ipopt_test/bin/x86_64-conda_cos6-linux-gnu-c++ linker (/pool001/ozaltun/ipopt_test/bin/x86_64-conda_cos6-linux-gnu-ld -m elf_x86_64) supports shared libraries
configure:13061: result: yes
configure:13083: /pool001/ozaltun/ipopt_test/bin/x86_64-conda_cos6-linux-gnu-c++ -c -fvisibility-inlines-hidden -std=c++17 -fmessage-length=0 -march=nocona -mtune=haswell -ftree-vectorize -fPIC -fstack-protector-strong -fno-plt -O2 -ffunction-sections -pipe -isystem /pool001/ozaltun/ipopt_test/include   -DNDEBUG -D_FORTIFY_SOURCE=2 -O2 -isystem /pool001/ozaltun/ipopt_test/include conftest.cpp >&5
configure:13086: $? = 0
configure:13205: checking for /pool001/ozaltun/ipopt_test/bin/x86_64-conda_cos6-linux-gnu-c++ option to produce PIC
configure:13479: result: -fPIC
configure:13487: checking if /pool001/ozaltun/ipopt_test/bin/x86_64-conda_cos6-linux-gnu-c++ PIC flag -fPIC works
configure:13505: /pool001/ozaltun/ipopt_test/bin/x86_64-conda_cos6-linux-gnu-c++ -c -fvisibility-inlines-hidden -std=c++17 -fmessage-length=0 -march=nocona -mtune=haswell -ftree-vectorize -fPIC -fstack-protector-strong -fno-plt -O2 -ffunction-sections -pipe -isystem /pool001/ozaltun/ipopt_test/include   -DNDEBUG -D_FORTIFY_SOURCE=2 -O2 -isystem /pool001/ozaltun/ipopt_test/include -fPIC -DPIC conftest.cpp >&5
configure:13509: $? = 0
configure:13522: result: yes
configure:13550: checking if /pool001/ozaltun/ipopt_test/bin/x86_64-conda_cos6-linux-gnu-c++ static flag -static works
configure:13578: result: yes
configure:13588: checking if /pool001/ozaltun/ipopt_test/bin/x86_64-conda_cos6-linux-gnu-c++ supports -c -o file.o
configure:13609: /pool001/ozaltun/ipopt_test/bin/x86_64-conda_cos6-linux-gnu-c++ -c -fvisibility-inlines-hidden -std=c++17 -fmessage-length=0 -march=nocona -mtune=haswell -ftree-vectorize -fPIC -fstack-protector-strong -fno-plt -O2 -ffunction-sections -pipe -isystem /pool001/ozaltun/ipopt_test/include   -DNDEBUG -D_FORTIFY_SOURCE=2 -O2 -isystem /pool001/ozaltun/ipopt_test/include -o out/conftest2.o conftest.cpp >&5
configure:13613: $? = 0
configure:13635: result: yes
configure:13661: checking whether the /pool001/ozaltun/ipopt_test/bin/x86_64-conda_cos6-linux-gnu-c++ linker (/pool001/ozaltun/ipopt_test/bin/x86_64-conda_cos6-linux-gnu-ld -m elf_x86_64) supports shared libraries
configure:13686: result: yes
configure:13753: checking dynamic linker characteristics
configure:14341: result: GNU/Linux ld.so
configure:14350: checking how to hardcode library paths into programs
configure:14375: result: immediate
configure:14901: checking if libtool supports shared libraries
configure:14903: result: yes
configure:14906: checking whether to build shared libraries
configure:14926: result: yes
configure:14929: checking whether to build static libraries
configure:14933: result: no
configure:14943: checking for gfortran option to produce PIC
configure:15153: result: -fPIC
configure:15161: checking if gfortran PIC flag -fPIC works
configure:15179: gfortran -c -O3 -pipe   -fPIC conftest.f >&5
configure:15183: $? = 0
configure:15196: result: yes
configure:15224: checking if gfortran static flag -static works
configure:15252: result: yes
configure:15262: checking if gfortran supports -c -o file.o
configure:15283: gfortran -c -O3 -pipe   -o out/conftest2.o conftest.f >&5
configure:15287: $? = 0
configure:15309: result: yes
configure:15335: checking whether the gfortran linker (/pool001/ozaltun/ipopt_test/bin/x86_64-conda_cos6-linux-gnu-ld -m elf_x86_64) supports shared libraries
configure:16273: result: yes
configure:16340: checking dynamic linker characteristics
configure:16928: result: GNU/Linux ld.so
configure:16937: checking how to hardcode library paths into programs
configure:16962: result: immediate
configure:20548: Build is "x86_64-unknown-linux-gnu".
configure:20801: checking if library version is set
configure:20808: result: no
configure:20824: checking whether source of project ASL is available and should be compiled
configure:20933: result: yes, source in ThirdParty/ASL
configure:20948: checking whether source of project Blas is available and should be compiled
configure:21073: result: yes, source in ThirdParty/Blas
configure:21088: checking whether source of project Lapack is available and should be compiled
configure:21213: result: yes, source in ThirdParty/Lapack
configure:21228: checking whether source of project Metis is available and should be compiled
configure:21337: result: yes, source in ThirdParty/Metis
configure:21352: checking whether source of project HSL is available and should be compiled
configure:21461: result: yes, source in ThirdParty/HSL
configure:21476: checking whether source of project Mumps is available and should be compiled
configure:21585: result: no, source file ../ThirdParty/Mumps/MUMPS/src/dmumps_part1.F not available
configure:21605: checking whether source of project Ipopt is available and should be compiled
configure:21702: result: yes, source in Ipopt
configure:21723: configuring doxygen documentation options
configure:21730: checking for doxygen
configure:21746: found /bin/doxygen
configure:21757: result: yes
configure:21766: checking for latex
configure:21782: found /bin/latex
configure:21793: result: yes
configure:21821: checking for dot
configure:21837: found /bin/dot
configure:21848: result: YES
configure:21954: checking which command should be used to link input files
configure:21962: result: ln -s
configure:22208: creating ./config.status

## ---------------------- ##
## Running config.status. ##
## ---------------------- ##

This file was extended by Ipopt config.status 3.12.5, which was
generated by GNU Autoconf 2.59.  Invocation command line was

  CONFIG_FILES    = 
  CONFIG_HEADERS  = 
  CONFIG_LINKS    = 
  CONFIG_COMMANDS = 
  $ ./config.status 

on eosloan

config.status:763: creating Makefile
config.status:763: creating doxydoc/doxygen.conf
config.status:939: executing depfiles commands
configure:23369: configuring in ThirdParty/ASL
configure:23486: running /bin/sh '../../../ThirdParty/ASL/configure' --prefix=/home/ozaltun/research/fossilfuelnetworkscience/General_Equilibrium_Model/solver_ipopt/pyipopt_midway/Ipopt-3.12.5/build  'CC=/pool001/ozaltun/ipopt_test/bin/x86_64-conda_cos6-linux-gnu-cc' 'CFLAGS=-march=nocona -mtune=haswell -ftree-vectorize -fPIC -fstack-protector-strong -fno-plt -O2 -ffunction-sections -pipe -isystem /pool001/ozaltun/ipopt_test/include' 'CPPFLAGS=-DNDEBUG -D_FORTIFY_SOURCE=2 -O2 -isystem /pool001/ozaltun/ipopt_test/include' 'CPP=/pool001/ozaltun/ipopt_test/bin/x86_64-conda_cos6-linux-gnu-cpp' 'CXXFLAGS=-fvisibility-inlines-hidden -std=c++17 -fmessage-length=0 -march=nocona -mtune=haswell -ftree-vectorize -fPIC -fstack-protector-strong -fno-plt -O2 -ffunction-sections -pipe -isystem /pool001/ozaltun/ipopt_test/include' 'CXX=/pool001/ozaltun/ipopt_test/bin/x86_64-conda_cos6-linux-gnu-c++' 'LDFLAGS=-Wl,-O2 -Wl,--sort-common -Wl,--as-needed -Wl,-z,relro -Wl,-z,now -Wl,--disable-new-dtags -Wl,--gc-sections -Wl,-rpath,/pool001/ozaltun/ipopt_test/lib -Wl,-rpath-link,/pool001/ozaltun/ipopt_test/lib -L/pool001/ozaltun/ipopt_test/lib' --cache-file=/dev/null --srcdir=../../../ThirdParty/ASL
configure:23369: configuring in ThirdParty/Blas
configure:23486: running /bin/sh '../../../ThirdParty/Blas/configure' --prefix=/home/ozaltun/research/fossilfuelnetworkscience/General_Equilibrium_Model/solver_ipopt/pyipopt_midway/Ipopt-3.12.5/build  'CC=/pool001/ozaltun/ipopt_test/bin/x86_64-conda_cos6-linux-gnu-cc' 'CFLAGS=-march=nocona -mtune=haswell -ftree-vectorize -fPIC -fstack-protector-strong -fno-plt -O2 -ffunction-sections -pipe -isystem /pool001/ozaltun/ipopt_test/include' 'CPPFLAGS=-DNDEBUG -D_FORTIFY_SOURCE=2 -O2 -isystem /pool001/ozaltun/ipopt_test/include' 'CPP=/pool001/ozaltun/ipopt_test/bin/x86_64-conda_cos6-linux-gnu-cpp' 'CXXFLAGS=-fvisibility-inlines-hidden -std=c++17 -fmessage-length=0 -march=nocona -mtune=haswell -ftree-vectorize -fPIC -fstack-protector-strong -fno-plt -O2 -ffunction-sections -pipe -isystem /pool001/ozaltun/ipopt_test/include' 'CXX=/pool001/ozaltun/ipopt_test/bin/x86_64-conda_cos6-linux-gnu-c++' 'LDFLAGS=-Wl,-O2 -Wl,--sort-common -Wl,--as-needed -Wl,-z,relro -Wl,-z,now -Wl,--disable-new-dtags -Wl,--gc-sections -Wl,-rpath,/pool001/ozaltun/ipopt_test/lib -Wl,-rpath-link,/pool001/ozaltun/ipopt_test/lib -L/pool001/ozaltun/ipopt_test/lib' --cache-file=/dev/null --srcdir=../../../ThirdParty/Blas
configure:23369: configuring in ThirdParty/Lapack
configure:23486: running /bin/sh '../../../ThirdParty/Lapack/configure' --prefix=/home/ozaltun/research/fossilfuelnetworkscience/General_Equilibrium_Model/solver_ipopt/pyipopt_midway/Ipopt-3.12.5/build  'CC=/pool001/ozaltun/ipopt_test/bin/x86_64-conda_cos6-linux-gnu-cc' 'CFLAGS=-march=nocona -mtune=haswell -ftree-vectorize -fPIC -fstack-protector-strong -fno-plt -O2 -ffunction-sections -pipe -isystem /pool001/ozaltun/ipopt_test/include' 'CPPFLAGS=-DNDEBUG -D_FORTIFY_SOURCE=2 -O2 -isystem /pool001/ozaltun/ipopt_test/include' 'CPP=/pool001/ozaltun/ipopt_test/bin/x86_64-conda_cos6-linux-gnu-cpp' 'CXXFLAGS=-fvisibility-inlines-hidden -std=c++17 -fmessage-length=0 -march=nocona -mtune=haswell -ftree-vectorize -fPIC -fstack-protector-strong -fno-plt -O2 -ffunction-sections -pipe -isystem /pool001/ozaltun/ipopt_test/include' 'CXX=/pool001/ozaltun/ipopt_test/bin/x86_64-conda_cos6-linux-gnu-c++' 'LDFLAGS=-Wl,-O2 -Wl,--sort-common -Wl,--as-needed -Wl,-z,relro -Wl,-z,now -Wl,--disable-new-dtags -Wl,--gc-sections -Wl,-rpath,/pool001/ozaltun/ipopt_test/lib -Wl,-rpath-link,/pool001/ozaltun/ipopt_test/lib -L/pool001/ozaltun/ipopt_test/lib' --cache-file=/dev/null --srcdir=../../../ThirdParty/Lapack
configure:23369: configuring in ThirdParty/Metis
configure:23486: running /bin/sh '../../../ThirdParty/Metis/configure' --prefix=/home/ozaltun/research/fossilfuelnetworkscience/General_Equilibrium_Model/solver_ipopt/pyipopt_midway/Ipopt-3.12.5/build  'CC=/pool001/ozaltun/ipopt_test/bin/x86_64-conda_cos6-linux-gnu-cc' 'CFLAGS=-march=nocona -mtune=haswell -ftree-vectorize -fPIC -fstack-protector-strong -fno-plt -O2 -ffunction-sections -pipe -isystem /pool001/ozaltun/ipopt_test/include' 'CPPFLAGS=-DNDEBUG -D_FORTIFY_SOURCE=2 -O2 -isystem /pool001/ozaltun/ipopt_test/include' 'CPP=/pool001/ozaltun/ipopt_test/bin/x86_64-conda_cos6-linux-gnu-cpp' 'CXXFLAGS=-fvisibility-inlines-hidden -std=c++17 -fmessage-length=0 -march=nocona -mtune=haswell -ftree-vectorize -fPIC -fstack-protector-strong -fno-plt -O2 -ffunction-sections -pipe -isystem /pool001/ozaltun/ipopt_test/include' 'CXX=/pool001/ozaltun/ipopt_test/bin/x86_64-conda_cos6-linux-gnu-c++' 'LDFLAGS=-Wl,-O2 -Wl,--sort-common -Wl,--as-needed -Wl,-z,relro -Wl,-z,now -Wl,--disable-new-dtags -Wl,--gc-sections -Wl,-rpath,/pool001/ozaltun/ipopt_test/lib -Wl,-rpath-link,/pool001/ozaltun/ipopt_test/lib -L/pool001/ozaltun/ipopt_test/lib' --cache-file=/dev/null --srcdir=../../../ThirdParty/Metis
configure:23369: configuring in ThirdParty/HSL
configure:23486: running /bin/sh '../../../ThirdParty/HSL/configure' --prefix=/home/ozaltun/research/fossilfuelnetworkscience/General_Equilibrium_Model/solver_ipopt/pyipopt_midway/Ipopt-3.12.5/build  'CC=/pool001/ozaltun/ipopt_test/bin/x86_64-conda_cos6-linux-gnu-cc' 'CFLAGS=-march=nocona -mtune=haswell -ftree-vectorize -fPIC -fstack-protector-strong -fno-plt -O2 -ffunction-sections -pipe -isystem /pool001/ozaltun/ipopt_test/include' 'CPPFLAGS=-DNDEBUG -D_FORTIFY_SOURCE=2 -O2 -isystem /pool001/ozaltun/ipopt_test/include' 'CPP=/pool001/ozaltun/ipopt_test/bin/x86_64-conda_cos6-linux-gnu-cpp' 'CXXFLAGS=-fvisibility-inlines-hidden -std=c++17 -fmessage-length=0 -march=nocona -mtune=haswell -ftree-vectorize -fPIC -fstack-protector-strong -fno-plt -O2 -ffunction-sections -pipe -isystem /pool001/ozaltun/ipopt_test/include' 'CXX=/pool001/ozaltun/ipopt_test/bin/x86_64-conda_cos6-linux-gnu-c++' 'LDFLAGS=-Wl,-O2 -Wl,--sort-common -Wl,--as-needed -Wl,-z,relro -Wl,-z,now -Wl,--disable-new-dtags -Wl,--gc-sections -Wl,-rpath,/pool001/ozaltun/ipopt_test/lib -Wl,-rpath-link,/pool001/ozaltun/ipopt_test/lib -L/pool001/ozaltun/ipopt_test/lib' --cache-file=/dev/null --srcdir=../../../ThirdParty/HSL
configure:23369: configuring in Ipopt
configure:23486: running /bin/sh '../../Ipopt/configure' --prefix=/home/ozaltun/research/fossilfuelnetworkscience/General_Equilibrium_Model/solver_ipopt/pyipopt_midway/Ipopt-3.12.5/build  'CC=/pool001/ozaltun/ipopt_test/bin/x86_64-conda_cos6-linux-gnu-cc' 'CFLAGS=-march=nocona -mtune=haswell -ftree-vectorize -fPIC -fstack-protector-strong -fno-plt -O2 -ffunction-sections -pipe -isystem /pool001/ozaltun/ipopt_test/include' 'CPPFLAGS=-DNDEBUG -D_FORTIFY_SOURCE=2 -O2 -isystem /pool001/ozaltun/ipopt_test/include' 'CPP=/pool001/ozaltun/ipopt_test/bin/x86_64-conda_cos6-linux-gnu-cpp' 'CXXFLAGS=-fvisibility-inlines-hidden -std=c++17 -fmessage-length=0 -march=nocona -mtune=haswell -ftree-vectorize -fPIC -fstack-protector-strong -fno-plt -O2 -ffunction-sections -pipe -isystem /pool001/ozaltun/ipopt_test/include' 'CXX=/pool001/ozaltun/ipopt_test/bin/x86_64-conda_cos6-linux-gnu-c++' 'LDFLAGS=-Wl,-O2 -Wl,--sort-common -Wl,--as-needed -Wl,-z,relro -Wl,-z,now -Wl,--disable-new-dtags -Wl,--gc-sections -Wl,-rpath,/pool001/ozaltun/ipopt_test/lib -Wl,-rpath-link,/pool001/ozaltun/ipopt_test/lib -L/pool001/ozaltun/ipopt_test/lib' --cache-file=/dev/null --srcdir=../../Ipopt
configure:23555: In case of trouble, first consult the troubleshooting page at https://projects.coin-or.org/BuildTools/wiki/user-troubleshooting
configure:23561: Main configuration of Ipopt successful

## ---------------- ##
## Cache variables. ##
## ---------------- ##

ac_cv_build=x86_64-unknown-linux-gnu
ac_cv_build_alias=x86_64-unknown-linux-gnu
ac_cv_c_compiler_gnu=yes
ac_cv_cxx_compiler_gnu=yes
ac_cv_env_ADD_CFLAGS_set=
ac_cv_env_ADD_CFLAGS_value=
ac_cv_env_ADD_CXXFLAGS_set=
ac_cv_env_ADD_CXXFLAGS_value=
ac_cv_env_ADD_FFLAGS_set=
ac_cv_env_ADD_FFLAGS_value=
ac_cv_env_CC_set=set
ac_cv_env_CC_value=/pool001/ozaltun/ipopt_test/bin/x86_64-conda_cos6-linux-gnu-cc
ac_cv_env_CDEFS_set=
ac_cv_env_CDEFS_value=
ac_cv_env_CFLAGS_set=set
ac_cv_env_CFLAGS_value='-march=nocona -mtune=haswell -ftree-vectorize -fPIC -fstack-protector-strong -fno-plt -O2 -ffunction-sections -pipe -isystem /pool001/ozaltun/ipopt_test/include'
ac_cv_env_COIN_SKIP_PROJECTS_set=
ac_cv_env_COIN_SKIP_PROJECTS_value=
ac_cv_env_CPPFLAGS_set=set
ac_cv_env_CPPFLAGS_value='-DNDEBUG -D_FORTIFY_SOURCE=2 -O2 -isystem /pool001/ozaltun/ipopt_test/include'
ac_cv_env_CPP_set=set
ac_cv_env_CPP_value=/pool001/ozaltun/ipopt_test/bin/x86_64-conda_cos6-linux-gnu-cpp
ac_cv_env_CXXCPP_set=
ac_cv_env_CXXCPP_value=
ac_cv_env_CXXDEFS_set=
ac_cv_env_CXXDEFS_value=
ac_cv_env_CXXFLAGS_set=set
ac_cv_env_CXXFLAGS_value='-fvisibility-inlines-hidden -std=c++17 -fmessage-length=0 -march=nocona -mtune=haswell -ftree-vectorize -fPIC -fstack-protector-strong -fno-plt -O2 -ffunction-sections -pipe -isystem /pool001/ozaltun/ipopt_test/include'
ac_cv_env_CXX_set=set
ac_cv_env_CXX_value=/pool001/ozaltun/ipopt_test/bin/x86_64-conda_cos6-linux-gnu-c++
ac_cv_env_DBG_CFLAGS_set=
ac_cv_env_DBG_CFLAGS_value=
ac_cv_env_DBG_CXXFLAGS_set=
ac_cv_env_DBG_CXXFLAGS_value=
ac_cv_env_DBG_FFLAGS_set=
ac_cv_env_DBG_FFLAGS_value=
ac_cv_env_F77_set=
ac_cv_env_F77_value=
ac_cv_env_FFLAGS_set=
ac_cv_env_FFLAGS_value=
ac_cv_env_LDFLAGS_set=set
ac_cv_env_LDFLAGS_value='-Wl,-O2 -Wl,--sort-common -Wl,--as-needed -Wl,-z,relro -Wl,-z,now -Wl,--disable-new-dtags -Wl,--gc-sections -Wl,-rpath,/pool001/ozaltun/ipopt_test/lib -Wl,-rpath-link,/pool001/ozaltun/ipopt_test/lib -L/pool001/ozaltun/ipopt_test/lib'
ac_cv_env_MPICC_set=
ac_cv_env_MPICC_value=
ac_cv_env_MPICXX_set=
ac_cv_env_MPICXX_value=
ac_cv_env_MPIF77_set=
ac_cv_env_MPIF77_value=
ac_cv_env_OPT_CFLAGS_set=
ac_cv_env_OPT_CFLAGS_value=
ac_cv_env_OPT_CXXFLAGS_set=
ac_cv_env_OPT_CXXFLAGS_value=
ac_cv_env_OPT_FFLAGS_set=
ac_cv_env_OPT_FFLAGS_value=
ac_cv_env_build_alias_set=
ac_cv_env_build_alias_value=
ac_cv_env_host_alias_set=
ac_cv_env_host_alias_value=
ac_cv_env_target_alias_set=
ac_cv_env_target_alias_value=
ac_cv_exeext=
ac_cv_f77_compiler_gnu=yes
ac_cv_header_dlfcn_h=yes
ac_cv_header_inttypes_h=yes
ac_cv_header_memory_h=yes
ac_cv_header_stdc=yes
ac_cv_header_stdint_h=yes
ac_cv_header_stdlib_h=yes
ac_cv_header_string_h=yes
ac_cv_header_strings_h=yes
ac_cv_header_sys_stat_h=yes
ac_cv_header_sys_types_h=yes
ac_cv_header_unistd_h=yes
ac_cv_host=x86_64-unknown-linux-gnu
ac_cv_host_alias=x86_64-unknown-linux-gnu
ac_cv_objext=o
ac_cv_path_install='/bin/install -c'
ac_cv_prog_AWK=gawk
ac_cv_prog_CPP=/pool001/ozaltun/ipopt_test/bin/x86_64-conda_cos6-linux-gnu-cpp
ac_cv_prog_CXXCPP='/pool001/ozaltun/ipopt_test/bin/x86_64-conda_cos6-linux-gnu-c++ -E'
ac_cv_prog_ac_ct_AR=/pool001/ozaltun/ipopt_test/bin/x86_64-conda_cos6-linux-gnu-ar
ac_cv_prog_ac_ct_F77=gfortran
ac_cv_prog_ac_ct_RANLIB=/pool001/ozaltun/ipopt_test/bin/x86_64-conda_cos6-linux-gnu-ranlib
ac_cv_prog_ac_ct_STRIP=/pool001/ozaltun/ipopt_test/bin/x86_64-conda_cos6-linux-gnu-strip
ac_cv_prog_cc_g=yes
ac_cv_prog_cc_stdc=
ac_cv_prog_coin_doxy_usedot=YES
ac_cv_prog_coin_have_doxygen=yes
ac_cv_prog_coin_have_latex=yes
ac_cv_prog_cxx_g=yes
ac_cv_prog_egrep='grep -E'
ac_cv_prog_f77_g=yes
ac_cv_prog_make_make_set=yes
am_cv_CC_dependencies_compiler_type=gcc3
am_cv_CXX_dependencies_compiler_type=gcc3
lt_cv_deplibs_check_method=pass_all
lt_cv_file_magic_cmd='$MAGIC_CMD'
lt_cv_file_magic_test_file=
lt_cv_ld_reload_flag=-r
lt_cv_objdir=.libs
lt_cv_path_LD=/pool001/ozaltun/ipopt_test/bin/x86_64-conda_cos6-linux-gnu-ld
lt_cv_path_LDCXX='/pool001/ozaltun/ipopt_test/bin/x86_64-conda_cos6-linux-gnu-ld -m elf_x86_64'
lt_cv_path_NM=/pool001/ozaltun/ipopt_test/bin/x86_64-conda_cos6-linux-gnu-nm
lt_cv_path_SED=/bin/sed
lt_cv_prog_compiler_c_o=yes
lt_cv_prog_compiler_c_o_CXX=yes
lt_cv_prog_compiler_c_o_F77=yes
lt_cv_prog_compiler_rtti_exceptions=no
lt_cv_prog_gnu_ld=yes
lt_cv_prog_gnu_ldcxx=yes
lt_cv_sys_global_symbol_pipe='sed -n -e '\''s/^.*[ 	]\([ABCDGIRSTW][ABCDGIRSTW]*\)[ 	][ 	]*\([_A-Za-z][_A-Za-z0-9]*\)$/\1 \2 \2/p'\'''
lt_cv_sys_global_symbol_to_c_name_address='sed -n -e '\''s/^: \([^ ]*\) $/  {\"\1\", (lt_ptr) 0},/p'\'' -e '\''s/^[BCDEGRST] \([^ ]*\) \([^ ]*\)$/  {"\2", (lt_ptr) \&\2},/p'\'''
lt_cv_sys_global_symbol_to_cdecl='sed -n -e '\''s/^. .* \(.*\)$/extern int \1;/p'\'''
lt_cv_sys_max_cmd_len=32768
lt_lt_cv_prog_compiler_c_o='"yes"'
lt_lt_cv_prog_compiler_c_o_CXX='"yes"'
lt_lt_cv_prog_compiler_c_o_F77='"yes"'
lt_lt_cv_sys_global_symbol_pipe='"sed -n -e '\''s/^.*[ 	]\\([ABCDGIRSTW][ABCDGIRSTW]*\\)[ 	][ 	]*\\([_A-Za-z][_A-Za-z0-9]*\\)\$/\\1 \\2 \\2/p'\''"'
lt_lt_cv_sys_global_symbol_to_c_name_address='"sed -n -e '\''s/^: \\([^ ]*\\) \$/  {\\\"\\1\\\", (lt_ptr) 0},/p'\'' -e '\''s/^[BCDEGRST] \\([^ ]*\\) \\([^ ]*\\)\$/  {\"\\2\", (lt_ptr) \\&\\2},/p'\''"'
lt_lt_cv_sys_global_symbol_to_cdecl='"sed -n -e '\''s/^. .* \\(.*\\)\$/extern int \\1;/p'\''"'

## ----------------- ##
## Output variables. ##
## ----------------- ##

ABSBUILDDIR=''
ACLOCAL='${SHELL} /home/ozaltun/research/fossilfuelnetworkscience/General_Equilibrium_Model/solver_ipopt/pyipopt_midway/Ipopt-3.12.5/missing --run aclocal-1.9'
ADD_CFLAGS=''
ADD_CXXFLAGS=''
ADD_FFLAGS=''
AMDEPBACKSLASH='\'
AMDEP_FALSE='#'
AMDEP_TRUE=''
AMTAR='${SHELL} /home/ozaltun/research/fossilfuelnetworkscience/General_Equilibrium_Model/solver_ipopt/pyipopt_midway/Ipopt-3.12.5/missing --run tar'
AR='/pool001/ozaltun/ipopt_test/bin/x86_64-conda_cos6-linux-gnu-ar'
AUTOCONF='${SHELL} /home/ozaltun/research/fossilfuelnetworkscience/General_Equilibrium_Model/solver_ipopt/pyipopt_midway/Ipopt-3.12.5/missing --run autoconf'
AUTOHEADER='${SHELL} /home/ozaltun/research/fossilfuelnetworkscience/General_Equilibrium_Model/solver_ipopt/pyipopt_midway/Ipopt-3.12.5/missing --run autoheader'
AUTOMAKE='${SHELL} /home/ozaltun/research/fossilfuelnetworkscience/General_Equilibrium_Model/solver_ipopt/pyipopt_midway/Ipopt-3.12.5/missing --run automake-1.9'
AUX_DIR=''
AWK='gawk'
BUILDTOOLSDIR=''
CC='/pool001/ozaltun/ipopt_test/bin/x86_64-conda_cos6-linux-gnu-cc'
CCDEPMODE='depmode=gcc3'
CDEFS=''
CFLAGS='-march=nocona -mtune=haswell -ftree-vectorize -fPIC -fstack-protector-strong -fno-plt -O2 -ffunction-sections -pipe -isystem /pool001/ozaltun/ipopt_test/include  '
COIN_CC_IS_CL_FALSE=''
COIN_CC_IS_CL_TRUE='#'
COIN_CXX_IS_CL_FALSE=''
COIN_CXX_IS_CL_TRUE='#'
COIN_HAS_DOXYGEN_FALSE='#'
COIN_HAS_DOXYGEN_TRUE=''
COIN_HAS_LATEX_FALSE='#'
COIN_HAS_LATEX_TRUE=''
COIN_SKIP_PROJECTS=''
CPP='/pool001/ozaltun/ipopt_test/bin/x86_64-conda_cos6-linux-gnu-cpp'
CPPFLAGS='-DNDEBUG -D_FORTIFY_SOURCE=2 -O2 -isystem /pool001/ozaltun/ipopt_test/include'
CXX='/pool001/ozaltun/ipopt_test/bin/x86_64-conda_cos6-linux-gnu-c++'
CXXCPP='/pool001/ozaltun/ipopt_test/bin/x86_64-conda_cos6-linux-gnu-c++ -E'
CXXDEFS=''
CXXDEPMODE='depmode=gcc3'
CXXFLAGS='-fvisibility-inlines-hidden -std=c++17 -fmessage-length=0 -march=nocona -mtune=haswell -ftree-vectorize -fPIC -fstack-protector-strong -fno-plt -O2 -ffunction-sections -pipe -isystem /pool001/ozaltun/ipopt_test/include  '
CYGPATH_W='echo'
DBG_CFLAGS='-march=nocona -mtune=haswell -ftree-vectorize -fPIC -fstack-protector-strong -fno-plt -O2 -ffunction-sections -pipe -isystem /pool001/ozaltun/ipopt_test/include  '
DBG_CXXFLAGS='-fvisibility-inlines-hidden -std=c++17 -fmessage-length=0 -march=nocona -mtune=haswell -ftree-vectorize -fPIC -fstack-protector-strong -fno-plt -O2 -ffunction-sections -pipe -isystem /pool001/ozaltun/ipopt_test/include  '
DBG_FFLAGS='-g -O0 -pipe  '
DEFS='-DPACKAGE_NAME=\"Ipopt\" -DPACKAGE_TARNAME=\"ipopt\" -DPACKAGE_VERSION=\"3.12.5\" -DPACKAGE_STRING=\"Ipopt\ 3.12.5\" -DPACKAGE_BUGREPORT=\"http://projects.coin-or.org/Ipopt/newticket\" -DPACKAGE=\"ipopt\" -DVERSION=\"3.12.5\" -DSTDC_HEADERS=1 -DHAVE_SYS_TYPES_H=1 -DHAVE_SYS_STAT_H=1 -DHAVE_STDLIB_H=1 -DHAVE_STRING_H=1 -DHAVE_MEMORY_H=1 -DHAVE_STRINGS_H=1 -DHAVE_INTTYPES_H=1 -DHAVE_STDINT_H=1 -DHAVE_UNISTD_H=1 -DHAVE_DLFCN_H=1 '
DEPDIR='.deps'
DEPENDENCY_LINKING_FALSE='#'
DEPENDENCY_LINKING_TRUE=''
ECHO='echo'
ECHO_C=''
ECHO_N='-n'
ECHO_T=''
EGREP='grep -E'
EXEEXT=''
F77='gfortran'
FFLAGS='-O3 -pipe  '
HAVE_EXTERNALS_FALSE=''
HAVE_EXTERNALS_TRUE='#'
INSTALL_DATA='${INSTALL} -m 644'
INSTALL_PROGRAM='${INSTALL}'
INSTALL_SCRIPT='${INSTALL}'
INSTALL_STRIP_PROGRAM='${SHELL} $(install_sh) -c -s'
LDFLAGS='-Wl,-O2 -Wl,--sort-common -Wl,--as-needed -Wl,-z,relro -Wl,-z,now -Wl,--disable-new-dtags -Wl,--gc-sections -Wl,-rpath,/pool001/ozaltun/ipopt_test/lib -Wl,-rpath-link,/pool001/ozaltun/ipopt_test/lib -L/pool001/ozaltun/ipopt_test/lib'
LIBEXT='a'
LIBOBJS=''
LIBS=''
LIBTOOL='$(SHELL) $(top_builddir)/libtool'
LIBTOOLM4=''
LN_S='ln -s'
LTLIBOBJS=''
LT_LDFLAGS='-no-undefined'
MAINT='#'
MAINTAINER_MODE_FALSE=''
MAINTAINER_MODE_TRUE='#'
MAKEINFO='${SHELL} /home/ozaltun/research/fossilfuelnetworkscience/General_Equilibrium_Model/solver_ipopt/pyipopt_midway/Ipopt-3.12.5/missing --run makeinfo'
MPICC=''
MPICXX=''
MPIF77=''
OBJEXT='o'
OPT_CFLAGS='-march=nocona -mtune=haswell -ftree-vectorize -fPIC -fstack-protector-strong -fno-plt -O2 -ffunction-sections -pipe -isystem /pool001/ozaltun/ipopt_test/include  '
OPT_CXXFLAGS='-fvisibility-inlines-hidden -std=c++17 -fmessage-length=0 -march=nocona -mtune=haswell -ftree-vectorize -fPIC -fstack-protector-strong -fno-plt -O2 -ffunction-sections -pipe -isystem /pool001/ozaltun/ipopt_test/include  '
OPT_FFLAGS='-O3 -pipe  '
PACKAGE='ipopt'
PACKAGE_BUGREPORT='http://projects.coin-or.org/Ipopt/newticket'
PACKAGE_NAME='Ipopt'
PACKAGE_STRING='Ipopt 3.12.5'
PACKAGE_TARNAME='ipopt'
PACKAGE_VERSION='3.12.5'
PATH_SEPARATOR=':'
RANLIB='/pool001/ozaltun/ipopt_test/bin/x86_64-conda_cos6-linux-gnu-ranlib'
RPATH_FLAGS=' -Wl,--rpath -Wl,/home/ozaltun/research/fossilfuelnetworkscience/General_Equilibrium_Model/solver_ipopt/pyipopt_midway/Ipopt-3.12.5/build/lib'
SET_MAKE=''
SHELL='/bin/sh'
STRIP='/pool001/ozaltun/ipopt_test/bin/x86_64-conda_cos6-linux-gnu-strip'
VERSION='3.12.5'
VPATH_DISTCLEANFILES=''
abs_bin_dir='/home/ozaltun/research/fossilfuelnetworkscience/General_Equilibrium_Model/solver_ipopt/pyipopt_midway/Ipopt-3.12.5/build/bin'
abs_include_dir='/home/ozaltun/research/fossilfuelnetworkscience/General_Equilibrium_Model/solver_ipopt/pyipopt_midway/Ipopt-3.12.5/build/include'
abs_lib_dir='/home/ozaltun/research/fossilfuelnetworkscience/General_Equilibrium_Model/solver_ipopt/pyipopt_midway/Ipopt-3.12.5/build/lib'
abs_source_dir='/home/ozaltun/research/fossilfuelnetworkscience/General_Equilibrium_Model/solver_ipopt/pyipopt_midway/Ipopt-3.12.5'
ac_c_preproc_warn_flag=''
ac_ct_AR='/pool001/ozaltun/ipopt_test/bin/x86_64-conda_cos6-linux-gnu-ar'
ac_ct_CC=''
ac_ct_CXX=''
ac_ct_F77='gfortran'
ac_ct_RANLIB='/pool001/ozaltun/ipopt_test/bin/x86_64-conda_cos6-linux-gnu-ranlib'
ac_ct_STRIP='/pool001/ozaltun/ipopt_test/bin/x86_64-conda_cos6-linux-gnu-strip'
ac_cxx_preproc_warn_flag=''
am__fastdepCC_FALSE='#'
am__fastdepCC_TRUE=''
am__fastdepCXX_FALSE='#'
am__fastdepCXX_TRUE=''
am__include='include'
am__leading_dot='.'
am__quote=''
am__tar='${AMTAR} chof - "$$tardir"'
am__untar='${AMTAR} xf -'
bindir='${exec_prefix}/bin'
build='x86_64-unknown-linux-gnu'
build_alias=''
build_cpu='x86_64'
build_os='linux-gnu'
build_vendor='unknown'
coin_doxy_excludes=''
coin_doxy_logname='doxydoc/ipopt_doxy.log'
coin_doxy_tagfiles=''
coin_doxy_tagname='doxydoc/ipopt_doxy.tag'
coin_doxy_usedot='YES'
coin_have_doxygen='yes'
coin_have_latex='yes'
datadir='${prefix}/share'
exec_prefix='${prefix}'
have_autoconf=''
have_automake=''
have_svn=''
host='x86_64-unknown-linux-gnu'
host_alias=''
host_cpu='x86_64'
host_os='linux-gnu'
host_vendor='unknown'
includedir='${prefix}/include'
infodir='${prefix}/info'
install_sh='/home/ozaltun/research/fossilfuelnetworkscience/General_Equilibrium_Model/solver_ipopt/pyipopt_midway/Ipopt-3.12.5/install-sh'
libdir='${exec_prefix}/lib'
libexecdir='${exec_prefix}/libexec'
localstatedir='${prefix}/var'
mandir='${prefix}/man'
mkdir_p='mkdir -p --'
oldincludedir='/usr/include'
prefix='/home/ozaltun/research/fossilfuelnetworkscience/General_Equilibrium_Model/solver_ipopt/pyipopt_midway/Ipopt-3.12.5/build'
program_transform_name='s,x,x,'
sbindir='${exec_prefix}/sbin'
sharedstatedir='${prefix}/com'
sol_cc_compiler=''
subdirs=' ThirdParty/ASL ThirdParty/Blas ThirdParty/Lapack ThirdParty/Metis ThirdParty/HSL Ipopt'
sysconfdir='${prefix}/etc'
target_alias=''

## ----------- ##
## confdefs.h. ##
## ----------- ##

#define HAVE_DLFCN_H 1
#define HAVE_INTTYPES_H 1
#define HAVE_MEMORY_H 1
#define HAVE_STDINT_H 1
#define HAVE_STDLIB_H 1
#define HAVE_STRINGS_H 1
#define HAVE_STRING_H 1
#define HAVE_SYS_STAT_H 1
#define HAVE_SYS_TYPES_H 1
#define HAVE_UNISTD_H 1
#define PACKAGE "ipopt"
#define PACKAGE_BUGREPORT "http://projects.coin-or.org/Ipopt/newticket"
#define PACKAGE_NAME "Ipopt"
#define PACKAGE_STRING "Ipopt 3.12.5"
#define PACKAGE_TARNAME "ipopt"
#define PACKAGE_VERSION "3.12.5"
#define STDC_HEADERS 1
#define VERSION "3.12.5"
#endif
#ifdef __cplusplus
extern "C" void std::exit (int) throw (); using std::exit;

configure: exit 0
